<?xml version="1.0" encoding="UTF-8"?>
<testsuite xmlns:xsi="http://www.w3.org/2001/XMLSchema-instance" xsi:noNamespaceSchemaLocation="https://maven.apache.org/surefire/maven-surefire-plugin/xsd/surefire-test-report.xsd" name="org.mps.deque.DoublyLinkedListDequeTest" time="0.012" tests="10" errors="0" skipped="0" failures="0">
  <properties>
[...]
</properties>
  <testcase name="sizeAfterDeleteDecreasesOne" classname="org.mps.deque.DoublyLinkedListDequeTest$TestsForSizeMethod" time="0"/>
  <testcase name="sizeOfAnEmptyQueueIsZero" classname="org.mps.deque.DoublyLinkedListDequeTest$TestsForSizeMethod" time="0"/>
  <testcase name="sizeAfterAppendOrPrependIncreasesOne" classname="org.mps.deque.DoublyLinkedListDequeTest$TestsForSizeMethod" time="0.001"/>
  <testcase name="shouldReturnExceptionWhenDeletingFromAnEmptyQueue" classname="org.mps.deque.DoublyLinkedListDequeTest$TestsForEmptyQueue" time="0"/>
  <testcase name="shouldReturnExceptionWhenCallingLastFromAnEmptyQueue" classname="org.mps.deque.DoublyLinkedListDequeTest$TestsForEmptyQueue" time="0"/>
  <testcase name="shouldReturnExceptionWhenCallingFirstFromAnEmptyQueue" classname="org.mps.deque.DoublyLinkedListDequeTest$TestsForEmptyQueue" time="0"/>
  <testcase name="shouldReturnElementInEndOfList" classname="org.mps.deque.DoublyLinkedListDequeTest$TestsForDataDeletion" time="0.002"/>
  <testcase name="shouldReturnElementInEndOfList" classname="org.mps.deque.DoublyLinkedListDequeTest$TestsForItemInsertion" time="0.001"/>
  <testcase name="shouldRemoveElementInFrontOfList" classname="org.mps.deque.DoublyLinkedListDequeTest$TestsForDataDeletion" time="0.001"/>
  <testcase name="shouldReturnElementInFrontOfList" classname="org.mps.deque.DoublyLinkedListDequeTest$TestsForItemInsertion" time="0.001"/>
</testsuite>